c:\users\marohrssen19\desktop\opengl project\opengl\debug\vc143.pdb
c:\users\marohrssen19\desktop\opengl project\opengl\debug\vc143.idb
c:\users\marohrssen19\desktop\opengl project\opengl\debug\three dots.obj
c:\users\marohrssen19\desktop\opengl project\opengl\debug\figure 2.11 three dots.obj
c:\users\marohrssen19\desktop\opengl project\opengl\debug\opengl.exe.embed.manifest
c:\users\marohrssen19\desktop\opengl project\opengl\debug\opengl.exe.intermediate.manifest
c:\users\marohrssen19\desktop\opengl project\opengl\debug\opengl.exe.embed.manifest.res
c:\users\marohrssen19\desktop\opengl project\opengl\debug\vc80.idb
c:\users\marohrssen19\desktop\opengl project\opengl\debug\vc80.pdb
c:\users\marohrssen19\desktop\opengl project\debug\opengl.ilk
c:\users\marohrssen19\desktop\opengl project\opengl\debug\opengl.tlog\cl.command.1.tlog
c:\users\marohrssen19\desktop\opengl project\opengl\debug\opengl.tlog\cl.read.1.tlog
c:\users\marohrssen19\desktop\opengl project\opengl\debug\opengl.tlog\cl.write.1.tlog
c:\users\marohrssen19\desktop\opengl project\opengl\debug\opengl.tlog\link-cvtres.read.1.tlog
c:\users\marohrssen19\desktop\opengl project\opengl\debug\opengl.tlog\link-cvtres.write.1.tlog
c:\users\marohrssen19\desktop\opengl project\opengl\debug\opengl.tlog\link-rc.read.1.tlog
c:\users\marohrssen19\desktop\opengl project\opengl\debug\opengl.tlog\link-rc.write.1.tlog
c:\users\marohrssen19\desktop\opengl project\opengl\debug\opengl.tlog\link.command.1.tlog
c:\users\marohrssen19\desktop\opengl project\opengl\debug\opengl.tlog\link.read.1.tlog
c:\users\marohrssen19\desktop\opengl project\opengl\debug\opengl.tlog\link.write.1.tlog
